[ 2016-07-25T09:39:38+08:00 ] 127.0.0.1 /
INFO: [ app_init ] --START--
INFO: Run Behavior\BuildLiteBehavior [ RunTime:0.000044s ]
INFO: [ app_init ] --END-- [ RunTime:0.003806s ]
INFO: [ app_begin ] --START--
INFO: Run Behavior\ReadHtmlCacheBehavior [ RunTime:0.005848s ]
INFO: [ app_begin ] --END-- [ RunTime:0.005954s ]

[ 2016-07-25T09:39:40+08:00 ] 127.0.0.1 /Index/login.html
INFO: [ app_init ] --START--
INFO: Run Behavior\BuildLiteBehavior [ RunTime:0.000029s ]
INFO: [ app_init ] --END-- [ RunTime:0.000679s ]
INFO: [ app_begin ] --START--
INFO: Run Behavior\ReadHtmlCacheBehavior [ RunTime:0.000932s ]
INFO: [ app_begin ] --END-- [ RunTime:0.001053s ]
INFO: [ view_parse ] --START--
INFO: [ template_filter ] --START--
INFO: Run Behavior\ContentReplaceBehavior [ RunTime:0.000196s ]
INFO: [ template_filter ] --END-- [ RunTime:0.000436s ]
INFO: Run Behavior\ParseTemplateBehavior [ RunTime:0.043357s ]
INFO: [ view_parse ] --END-- [ RunTime:0.043468s ]
INFO: [ view_filter ] --START--
INFO: Run Behavior\WriteHtmlCacheBehavior [ RunTime:0.007258s ]
INFO: [ view_filter ] --END-- [ RunTime:0.007337s ]
INFO: [ app_end ] --START--
INFO: Run Behavior\ShowPageTraceBehavior [ RunTime:0.006886s ]
INFO: [ app_end ] --END-- [ RunTime:0.006982s ]

[ 2016-07-25T09:39:40+08:00 ] 127.0.0.1 /favicon.ico
INFO: [ app_init ] --START--
INFO: Run Behavior\BuildLiteBehavior [ RunTime:0.000021s ]
INFO: [ app_init ] --END-- [ RunTime:0.000838s ]

[ 2016-07-25T09:39:51+08:00 ] 127.0.0.1 /Index/logincheck
INFO: [ app_init ] --START--
INFO: Run Behavior\BuildLiteBehavior [ RunTime:0.000029s ]
INFO: [ app_init ] --END-- [ RunTime:0.001078s ]
INFO: [ app_begin ] --START--
INFO: Run Behavior\ReadHtmlCacheBehavior [ RunTime:0.001658s ]
INFO: [ app_begin ] --END-- [ RunTime:0.001929s ]
SQL: SHOW COLUMNS FROM `ot_teacher` [ RunTime:0.0377s ]
SQL: SELECT * FROM `ot_teacher` WHERE `tea_numb` = 1 LIMIT 1   [ RunTime:0.0020s ]

[ 2016-07-25T09:39:54+08:00 ] 127.0.0.1 /Auser/user.html
INFO: [ app_init ] --START--
INFO: Run Behavior\BuildLiteBehavior [ RunTime:0.000020s ]
INFO: [ app_init ] --END-- [ RunTime:0.000596s ]
INFO: [ app_begin ] --START--
INFO: Run Behavior\ReadHtmlCacheBehavior [ RunTime:0.000780s ]
INFO: [ app_begin ] --END-- [ RunTime:0.000885s ]
NOTIC: [8] Undefined index: User D:\Project\OnlineText\Application\Home\Controller\AuserController.class.php 第 9 行.
SQL: SELECT ot_subject.sub_name,a.sub_id
					FROM ot_arrangement a 
					RIGHT JOIN ot_subject
					ON ot_subject.sub_id=a.sub_id 
					WHERE a.tea_id=1 AND sub_sign=0 AND arr_sign=0
					ORDER BY a.arr_id ASC [ RunTime:0.0231s ]
SQL: SHOW COLUMNS FROM `ot_student` [ RunTime:0.0273s ]
SQL: SELECT COUNT(*) AS tp_count FROM `ot_student` WHERE ( stu_sign=0 ) LIMIT 1   [ RunTime:0.0018s ]
SQL: SELECT CONCAT(s.stu_year,ot_faculty.fac_numb,ot_major.maj_numb,ot_classs.cla_numb,s.stu_numb) AS stu_numb,
		stu_name, stu_time, stu_id, cla_name, maj_name, fac_name 
		FROM ot_student s
		LEFT JOIN ot_classs 
		ON s.cla_id=ot_classs.cla_id 
		LEFT JOIN ot_major 
		ON ot_classs.maj_id=ot_major.maj_id 
		LEFT JOIN ot_faculty 
		ON ot_major.fac_id=ot_faculty.fac_id 
		WHERE stu_sign=0 AND stu_name LIKE '%%'
		ORDER BY stu_id ASC [ RunTime:0.0090s ]
INFO: [ view_parse ] --START--
INFO: [ template_filter ] --START--
INFO: Run Behavior\ContentReplaceBehavior [ RunTime:0.000143s ]
INFO: [ template_filter ] --END-- [ RunTime:0.000230s ]
NOTIC: [8] Use of undefined constant Auser - assumed 'Auser' D:\Project\OnlineText\Application\Runtime\Cache\Home\ce8c5f754719d86eb2115e2b9497a994.php 第 40 行.
NOTIC: [8] Use of undefined constant Atext - assumed 'Atext' D:\Project\OnlineText\Application\Runtime\Cache\Home\ce8c5f754719d86eb2115e2b9497a994.php 第 41 行.
NOTIC: [8] Use of undefined constant Apaper - assumed 'Apaper' D:\Project\OnlineText\Application\Runtime\Cache\Home\ce8c5f754719d86eb2115e2b9497a994.php 第 42 行.
NOTIC: [8] Use of undefined constant Adata - assumed 'Adata' D:\Project\OnlineText\Application\Runtime\Cache\Home\ce8c5f754719d86eb2115e2b9497a994.php 第 43 行.
NOTIC: [8] Use of undefined constant Agrade - assumed 'Agrade' D:\Project\OnlineText\Application\Runtime\Cache\Home\ce8c5f754719d86eb2115e2b9497a994.php 第 44 行.
NOTIC: [8] Undefined variable: show D:\Project\OnlineText\Application\Runtime\Cache\Home\ce8c5f754719d86eb2115e2b9497a994.php 第 137 行.
INFO: Run Behavior\ParseTemplateBehavior [ RunTime:0.059202s ]
INFO: [ view_parse ] --END-- [ RunTime:0.059287s ]
INFO: [ view_filter ] --START--
INFO: Run Behavior\WriteHtmlCacheBehavior [ RunTime:0.000787s ]
INFO: [ view_filter ] --END-- [ RunTime:0.000862s ]
INFO: [ app_end ] --START--
INFO: Run Behavior\ShowPageTraceBehavior [ RunTime:0.001146s ]
INFO: [ app_end ] --END-- [ RunTime:0.001250s ]

[ 2016-07-25T09:39:57+08:00 ] 127.0.0.1 /Auser/editUser?stu_id=1
INFO: [ app_init ] --START--
INFO: Run Behavior\BuildLiteBehavior [ RunTime:0.000020s ]
INFO: [ app_init ] --END-- [ RunTime:0.000550s ]
INFO: [ app_begin ] --START--
INFO: Run Behavior\ReadHtmlCacheBehavior [ RunTime:0.000868s ]
INFO: [ app_begin ] --END-- [ RunTime:0.000966s ]
NOTIC: [8] Undefined index: User D:\Project\OnlineText\Application\Home\Controller\AuserController.class.php 第 9 行.
SQL: SELECT ot_subject.sub_name,a.sub_id
					FROM ot_arrangement a 
					RIGHT JOIN ot_subject
					ON ot_subject.sub_id=a.sub_id 
					WHERE a.tea_id=1 AND sub_sign=0 AND arr_sign=0
					ORDER BY a.arr_id ASC [ RunTime:0.0017s ]
SQL: SHOW COLUMNS FROM `ot_classs` [ RunTime:0.0161s ]
SQL: SELECT * FROM `ot_classs` WHERE ( cla_sign=0 )  [ RunTime:0.0018s ]
SQL: SELECT stu_numb,stu_name, stu_time, stu_id, cla_name, maj_name, fac_name, stu_year  
		FROM ot_student s
		LEFT JOIN ot_classs 
		ON s.cla_id=ot_classs.cla_id 
		LEFT JOIN ot_major 
		ON ot_classs.maj_id=ot_major.maj_id 
		LEFT JOIN ot_faculty 
		ON ot_major.fac_id=ot_faculty.fac_id 
		WHERE stu_id=1 
		ORDER BY stu_id ASC [ RunTime:0.0009s ]
INFO: [ view_parse ] --START--
INFO: [ template_filter ] --START--
INFO: Run Behavior\ContentReplaceBehavior [ RunTime:0.000100s ]
INFO: [ template_filter ] --END-- [ RunTime:0.000165s ]
NOTIC: [8] Undefined index: cla_id D:\Project\OnlineText\Application\Runtime\Cache\Home\9acf87c09c7cce23ff6e41aca2aa40f1.php 第 20 行.
NOTIC: [8] Undefined index: cla_id D:\Project\OnlineText\Application\Runtime\Cache\Home\9acf87c09c7cce23ff6e41aca2aa40f1.php 第 20 行.
NOTIC: [8] Undefined index: cla_id D:\Project\OnlineText\Application\Runtime\Cache\Home\9acf87c09c7cce23ff6e41aca2aa40f1.php 第 20 行.
NOTIC: [8] Undefined index: cla_id D:\Project\OnlineText\Application\Runtime\Cache\Home\9acf87c09c7cce23ff6e41aca2aa40f1.php 第 20 行.
NOTIC: [8] Undefined index: cla_id D:\Project\OnlineText\Application\Runtime\Cache\Home\9acf87c09c7cce23ff6e41aca2aa40f1.php 第 20 行.
INFO: Run Behavior\ParseTemplateBehavior [ RunTime:0.014940s ]
INFO: [ view_parse ] --END-- [ RunTime:0.015018s ]
INFO: [ view_filter ] --START--
INFO: Run Behavior\WriteHtmlCacheBehavior [ RunTime:0.000430s ]
INFO: [ view_filter ] --END-- [ RunTime:0.000492s ]
INFO: [ app_end ] --START--
INFO: Run Behavior\ShowPageTraceBehavior [ RunTime:0.000848s ]
INFO: [ app_end ] --END-- [ RunTime:0.000961s ]

[ 2016-07-25T09:40:02+08:00 ] 127.0.0.1 /Auser/addUser
INFO: [ app_init ] --START--
INFO: Run Behavior\BuildLiteBehavior [ RunTime:0.000029s ]
INFO: [ app_init ] --END-- [ RunTime:0.000853s ]
INFO: [ app_begin ] --START--
INFO: Run Behavior\ReadHtmlCacheBehavior [ RunTime:0.000710s ]
INFO: [ app_begin ] --END-- [ RunTime:0.000796s ]
NOTIC: [8] Undefined index: User D:\Project\OnlineText\Application\Home\Controller\AuserController.class.php 第 9 行.
SQL: SELECT ot_subject.sub_name,a.sub_id
					FROM ot_arrangement a 
					RIGHT JOIN ot_subject
					ON ot_subject.sub_id=a.sub_id 
					WHERE a.tea_id=1 AND sub_sign=0 AND arr_sign=0
					ORDER BY a.arr_id ASC [ RunTime:0.0017s ]
SQL: SHOW COLUMNS FROM `ot_classs` [ RunTime:0.0166s ]
SQL: SELECT * FROM `ot_classs` WHERE ( cla_sign=0 )  [ RunTime:0.0023s ]
INFO: [ view_parse ] --START--
INFO: [ template_filter ] --START--
INFO: Run Behavior\ContentReplaceBehavior [ RunTime:0.000094s ]
INFO: [ template_filter ] --END-- [ RunTime:0.000161s ]
INFO: Run Behavior\ParseTemplateBehavior [ RunTime:0.019127s ]
INFO: [ view_parse ] --END-- [ RunTime:0.019221s ]
INFO: [ view_filter ] --START--
INFO: Run Behavior\WriteHtmlCacheBehavior [ RunTime:0.000421s ]
INFO: [ view_filter ] --END-- [ RunTime:0.000484s ]
INFO: [ app_end ] --START--
INFO: Run Behavior\ShowPageTraceBehavior [ RunTime:0.000885s ]
INFO: [ app_end ] --END-- [ RunTime:0.000973s ]

[ 2016-07-25T09:40:12+08:00 ] 127.0.0.1 /Public/checksame
INFO: [ app_init ] --START--
INFO: Run Behavior\BuildLiteBehavior [ RunTime:0.000020s ]
INFO: [ app_init ] --END-- [ RunTime:0.000526s ]
INFO: [ app_begin ] --START--
INFO: Run Behavior\ReadHtmlCacheBehavior [ RunTime:0.000709s ]
INFO: [ app_begin ] --END-- [ RunTime:0.000797s ]
SQL: SHOW COLUMNS FROM `ot_student` [ RunTime:0.0165s ]
SQL: SELECT * FROM `ot_student` WHERE `stu_numb` = 1 AND `stu_year` = 2012 AND `cla_id` = 1 AND `stu_sign` = 0 LIMIT 1   [ RunTime:0.0016s ]

[ 2016-07-25T09:40:30+08:00 ] 127.0.0.1 /Public/checksame
INFO: [ app_init ] --START--
INFO: Run Behavior\BuildLiteBehavior [ RunTime:0.000021s ]
INFO: [ app_init ] --END-- [ RunTime:0.000566s ]
INFO: [ app_begin ] --START--
INFO: Run Behavior\ReadHtmlCacheBehavior [ RunTime:0.000704s ]
INFO: [ app_begin ] --END-- [ RunTime:0.000796s ]
SQL: SHOW COLUMNS FROM `ot_student` [ RunTime:0.0168s ]
SQL: SELECT * FROM `ot_student` WHERE `stu_numb` = 3 AND `stu_year` = 2012 AND `cla_id` = 1 AND `stu_sign` = 0 LIMIT 1   [ RunTime:0.0021s ]

[ 2016-07-25T09:40:33+08:00 ] 127.0.0.1 /Auser/addUser
INFO: [ app_init ] --START--
INFO: Run Behavior\BuildLiteBehavior [ RunTime:0.000019s ]
INFO: [ app_init ] --END-- [ RunTime:0.000523s ]
INFO: [ app_begin ] --START--
INFO: Run Behavior\ReadHtmlCacheBehavior [ RunTime:0.000694s ]
INFO: [ app_begin ] --END-- [ RunTime:0.000780s ]
NOTIC: [8] Undefined index: User D:\Project\OnlineText\Application\Home\Controller\AuserController.class.php 第 9 行.
SQL: SELECT ot_subject.sub_name,a.sub_id
					FROM ot_arrangement a 
					RIGHT JOIN ot_subject
					ON ot_subject.sub_id=a.sub_id 
					WHERE a.tea_id=1 AND sub_sign=0 AND arr_sign=0
					ORDER BY a.arr_id ASC [ RunTime:0.0019s ]
SQL: SHOW COLUMNS FROM `ot_classs` [ RunTime:0.0187s ]
SQL: SELECT * FROM `ot_classs` WHERE ( cla_sign=0 )  [ RunTime:0.0030s ]
INFO: [ view_parse ] --START--
INFO: [ template_filter ] --START--
INFO: Run Behavior\ContentReplaceBehavior [ RunTime:0.000097s ]
INFO: [ template_filter ] --END-- [ RunTime:0.000176s ]
INFO: Run Behavior\ParseTemplateBehavior [ RunTime:0.009382s ]
INFO: [ view_parse ] --END-- [ RunTime:0.009492s ]
INFO: [ view_filter ] --START--
INFO: Run Behavior\WriteHtmlCacheBehavior [ RunTime:0.000606s ]
INFO: [ view_filter ] --END-- [ RunTime:0.000686s ]
INFO: [ app_end ] --START--
INFO: Run Behavior\ShowPageTraceBehavior [ RunTime:0.000806s ]
INFO: [ app_end ] --END-- [ RunTime:0.000882s ]

[ 2016-07-25T09:40:38+08:00 ] 127.0.0.1 /Public/checksame
INFO: [ app_init ] --START--
INFO: Run Behavior\BuildLiteBehavior [ RunTime:0.000028s ]
INFO: [ app_init ] --END-- [ RunTime:0.000780s ]
INFO: [ app_begin ] --START--
INFO: Run Behavior\ReadHtmlCacheBehavior [ RunTime:0.001021s ]
INFO: [ app_begin ] --END-- [ RunTime:0.001144s ]
SQL: SHOW COLUMNS FROM `ot_student` [ RunTime:0.0168s ]
SQL: SELECT * FROM `ot_student` WHERE `stu_numb` = 3 AND `stu_year` = 0 AND `cla_id` = 1 AND `stu_sign` = 0 LIMIT 1   [ RunTime:0.0021s ]

[ 2016-07-25T09:40:43+08:00 ] 127.0.0.1 /Public/checksame
INFO: [ app_init ] --START--
INFO: Run Behavior\BuildLiteBehavior [ RunTime:0.000028s ]
INFO: [ app_init ] --END-- [ RunTime:0.000813s ]
INFO: [ app_begin ] --START--
INFO: Run Behavior\ReadHtmlCacheBehavior [ RunTime:0.001032s ]
INFO: [ app_begin ] --END-- [ RunTime:0.001157s ]
SQL: SHOW COLUMNS FROM `ot_student` [ RunTime:0.0170s ]
SQL: SELECT * FROM `ot_student` WHERE `stu_numb` = 2 AND `stu_year` = 2012 AND `cla_id` = 1 AND `stu_sign` = 0 LIMIT 1   [ RunTime:0.0017s ]

[ 2016-07-25T10:41:38+08:00 ] 127.0.0.1 /Agrade/grade.html
INFO: [ app_init ] --START--
INFO: Run Behavior\BuildLiteBehavior [ RunTime:0.000023s ]
INFO: [ app_init ] --END-- [ RunTime:0.000739s ]
INFO: [ app_begin ] --START--
INFO: Run Behavior\ReadHtmlCacheBehavior [ RunTime:0.001791s ]
INFO: [ app_begin ] --END-- [ RunTime:0.002112s ]
NOTIC: [8] Undefined index: User D:\Project\OnlineText\Application\Home\Controller\AgradeController.class.php 第 8 行.
SQL: SELECT ot_subject.sub_name,a.sub_id
					FROM ot_arrangement a 
					RIGHT JOIN ot_subject
					ON ot_subject.sub_id=a.sub_id 
					WHERE a.tea_id=1 AND sub_sign=0 AND arr_sign=0
					ORDER BY a.arr_id ASC [ RunTime:0.0046s ]
SQL: SELECT stu_name,pap_numb,gra_time,gra_grac,sub_name,gra_id,gra_siga,CONCAT(s.stu_year,ot_faculty.fac_numb,ot_major.maj_numb,ot_classs.cla_numb,s.stu_numb) AS stu_numb
				FROM ot_grade o 
				LEFT JOIN ot_student s
				ON o.stu_id=s.stu_id
				LEFT JOIN ot_paper p
				ON o.pap_id=p.pap_id
				LEFT JOIN ot_subject
				ON ot_subject.sub_id=p.sub_id
				LEFT JOIN ot_classs 
				ON s.cla_id=ot_classs.cla_id 
				LEFT JOIN ot_major 
				ON ot_classs.maj_id=ot_major.maj_id 
				LEFT JOIN ot_faculty 
				ON ot_major.fac_id=ot_faculty.fac_id
				WHERE gra_sign=0 
				ORDER BY gra_id [ RunTime:0.0229s ]
INFO: [ view_parse ] --START--
INFO: [ template_filter ] --START--
INFO: Run Behavior\ContentReplaceBehavior [ RunTime:0.000125s ]
INFO: [ template_filter ] --END-- [ RunTime:0.000205s ]
NOTIC: [8] Use of undefined constant Auser - assumed 'Auser' D:\Project\OnlineText\Application\Runtime\Cache\Home\926451504c8dfefcb84a51ac7aa98b62.php 第 40 行.
NOTIC: [8] Use of undefined constant Atext - assumed 'Atext' D:\Project\OnlineText\Application\Runtime\Cache\Home\926451504c8dfefcb84a51ac7aa98b62.php 第 41 行.
NOTIC: [8] Use of undefined constant Apaper - assumed 'Apaper' D:\Project\OnlineText\Application\Runtime\Cache\Home\926451504c8dfefcb84a51ac7aa98b62.php 第 42 行.
NOTIC: [8] Use of undefined constant Adata - assumed 'Adata' D:\Project\OnlineText\Application\Runtime\Cache\Home\926451504c8dfefcb84a51ac7aa98b62.php 第 43 行.
NOTIC: [8] Use of undefined constant Agrade - assumed 'Agrade' D:\Project\OnlineText\Application\Runtime\Cache\Home\926451504c8dfefcb84a51ac7aa98b62.php 第 44 行.
NOTIC: [8] Undefined variable: show D:\Project\OnlineText\Application\Runtime\Cache\Home\926451504c8dfefcb84a51ac7aa98b62.php 第 89 行.
INFO: Run Behavior\ParseTemplateBehavior [ RunTime:0.027128s ]
INFO: [ view_parse ] --END-- [ RunTime:0.027216s ]
INFO: [ view_filter ] --START--
INFO: Run Behavior\WriteHtmlCacheBehavior [ RunTime:0.001003s ]
INFO: [ view_filter ] --END-- [ RunTime:0.001087s ]
INFO: [ app_end ] --START--
INFO: Run Behavior\ShowPageTraceBehavior [ RunTime:0.001362s ]
INFO: [ app_end ] --END-- [ RunTime:0.001582s ]

[ 2016-07-25T10:41:40+08:00 ] 127.0.0.1 /Adata/index.html
INFO: [ app_init ] --START--
INFO: Run Behavior\BuildLiteBehavior [ RunTime:0.000026s ]
INFO: [ app_init ] --END-- [ RunTime:0.000676s ]
INFO: [ app_begin ] --START--
INFO: Run Behavior\ReadHtmlCacheBehavior [ RunTime:0.000727s ]
INFO: [ app_begin ] --END-- [ RunTime:0.000820s ]
NOTIC: [8] Undefined index: User D:\Project\OnlineText\Application\Home\Controller\AdataController.class.php 第 8 行.
SQL: SELECT ot_subject.sub_name,a.sub_id
					FROM ot_arrangement a 
					RIGHT JOIN ot_subject
					ON ot_subject.sub_id=a.sub_id 
					WHERE a.tea_id=1 AND sub_sign=0 AND arr_sign=0
					ORDER BY a.arr_id ASC [ RunTime:0.0019s ]
SQL: SELECT dat_id,dat_name,CONCAT(sub_numb,dat_numb) AS dat_numb,tea_name,sub_name,dat_time,dat_url  
				FROM ot_data o
				LEFT JOIN ot_teacher
				ON o.tea_id=ot_teacher.tea_id
				LEFT JOIN ot_subject
				ON o.sub_id=ot_subject.sub_id
				WHERE dat_sign=0 AND sub_name LIKE '%%'
				ORDER BY dat_id [ RunTime:0.0063s ]
INFO: [ view_parse ] --START--
INFO: [ template_filter ] --START--
INFO: Run Behavior\ContentReplaceBehavior [ RunTime:0.000124s ]
INFO: [ template_filter ] --END-- [ RunTime:0.000207s ]
NOTIC: [8] Use of undefined constant Auser - assumed 'Auser' D:\Project\OnlineText\Application\Runtime\Cache\Home\1cce9ed27fdc070a4e891727e1e27c2f.php 第 40 行.
NOTIC: [8] Use of undefined constant Atext - assumed 'Atext' D:\Project\OnlineText\Application\Runtime\Cache\Home\1cce9ed27fdc070a4e891727e1e27c2f.php 第 41 行.
NOTIC: [8] Use of undefined constant Apaper - assumed 'Apaper' D:\Project\OnlineText\Application\Runtime\Cache\Home\1cce9ed27fdc070a4e891727e1e27c2f.php 第 42 行.
NOTIC: [8] Use of undefined constant Adata - assumed 'Adata' D:\Project\OnlineText\Application\Runtime\Cache\Home\1cce9ed27fdc070a4e891727e1e27c2f.php 第 43 行.
NOTIC: [8] Use of undefined constant Agrade - assumed 'Agrade' D:\Project\OnlineText\Application\Runtime\Cache\Home\1cce9ed27fdc070a4e891727e1e27c2f.php 第 44 行.
NOTIC: [8] Undefined variable: show D:\Project\OnlineText\Application\Runtime\Cache\Home\1cce9ed27fdc070a4e891727e1e27c2f.php 第 95 行.
INFO: Run Behavior\ParseTemplateBehavior [ RunTime:0.026772s ]
INFO: [ view_parse ] --END-- [ RunTime:0.026861s ]
INFO: [ view_filter ] --START--
INFO: Run Behavior\WriteHtmlCacheBehavior [ RunTime:0.000456s ]
INFO: [ view_filter ] --END-- [ RunTime:0.000524s ]
INFO: [ app_end ] --START--
INFO: Run Behavior\ShowPageTraceBehavior [ RunTime:0.001204s ]
INFO: [ app_end ] --END-- [ RunTime:0.001326s ]

[ 2016-07-25T10:41:41+08:00 ] 127.0.0.1 /Apaper/paper.html
INFO: [ app_init ] --START--
INFO: Run Behavior\BuildLiteBehavior [ RunTime:0.000019s ]
INFO: [ app_init ] --END-- [ RunTime:0.000572s ]
INFO: [ app_begin ] --START--
INFO: Run Behavior\ReadHtmlCacheBehavior [ RunTime:0.000799s ]
INFO: [ app_begin ] --END-- [ RunTime:0.000899s ]
NOTIC: [8] Undefined index: User D:\Project\OnlineText\Application\Home\Controller\ApaperController.class.php 第 8 行.
SQL: SELECT ot_subject.sub_name,a.sub_id
					FROM ot_arrangement a 
					RIGHT JOIN ot_subject
					ON ot_subject.sub_id=a.sub_id 
					WHERE a.tea_id=1 AND sub_sign=0 AND arr_sign=0
					ORDER BY a.arr_id ASC [ RunTime:0.0016s ]
SQL: SHOW COLUMNS FROM `ot_subject` [ RunTime:0.0174s ]
SQL: SELECT * FROM `ot_subject` WHERE ( sub_sign=0 )  [ RunTime:0.0017s ]
SQL: SELECT pap_id,pap_numb,tea_name,o.sco_id,pap_time,sco_numb,pap_star,sub_name 
			FROM ot_paper o
			LEFT JOIN ot_teacher
			ON o.tea_id=ot_teacher.tea_id
			LEFT JOIN ot_score
			ON o.sco_id=ot_score.sco_id	
			LEFT JOIN ot_subject 
			ON o.sub_id = ot_subject.sub_id 			
			WHERE pap_sign=0 AND sub_name LIKE '%%'
			ORDER BY pap_id [ RunTime:0.0128s ]
INFO: [ view_parse ] --START--
INFO: [ template_filter ] --START--
INFO: Run Behavior\ContentReplaceBehavior [ RunTime:0.000142s ]
INFO: [ template_filter ] --END-- [ RunTime:0.000312s ]
NOTIC: [8] Use of undefined constant Auser - assumed 'Auser' D:\Project\OnlineText\Application\Runtime\Cache\Home\bed8bbf06ceac7cd5d8af1e286166525.php 第 40 行.
NOTIC: [8] Use of undefined constant Atext - assumed 'Atext' D:\Project\OnlineText\Application\Runtime\Cache\Home\bed8bbf06ceac7cd5d8af1e286166525.php 第 41 行.
NOTIC: [8] Use of undefined constant Apaper - assumed 'Apaper' D:\Project\OnlineText\Application\Runtime\Cache\Home\bed8bbf06ceac7cd5d8af1e286166525.php 第 42 行.
NOTIC: [8] Use of undefined constant Adata - assumed 'Adata' D:\Project\OnlineText\Application\Runtime\Cache\Home\bed8bbf06ceac7cd5d8af1e286166525.php 第 43 行.
NOTIC: [8] Use of undefined constant Agrade - assumed 'Agrade' D:\Project\OnlineText\Application\Runtime\Cache\Home\bed8bbf06ceac7cd5d8af1e286166525.php 第 44 行.
NOTIC: [8] Undefined variable: show D:\Project\OnlineText\Application\Runtime\Cache\Home\bed8bbf06ceac7cd5d8af1e286166525.php 第 97 行.
INFO: Run Behavior\ParseTemplateBehavior [ RunTime:0.025745s ]
INFO: [ view_parse ] --END-- [ RunTime:0.025835s ]
INFO: [ view_filter ] --START--
INFO: Run Behavior\WriteHtmlCacheBehavior [ RunTime:0.000447s ]
INFO: [ view_filter ] --END-- [ RunTime:0.000518s ]
INFO: [ app_end ] --START--
INFO: Run Behavior\ShowPageTraceBehavior [ RunTime:0.000772s ]
INFO: [ app_end ] --END-- [ RunTime:0.000847s ]

[ 2016-07-25T10:41:42+08:00 ] 127.0.0.1 /Atext/single.html
INFO: [ app_init ] --START--
INFO: Run Behavior\BuildLiteBehavior [ RunTime:0.000030s ]
INFO: [ app_init ] --END-- [ RunTime:0.000845s ]
INFO: [ app_begin ] --START--
INFO: Run Behavior\ReadHtmlCacheBehavior [ RunTime:0.001140s ]
INFO: [ app_begin ] --END-- [ RunTime:0.001258s ]
NOTIC: [8] Undefined index: User D:\Project\OnlineText\Application\Home\Controller\AtextController.class.php 第 8 行.
SQL: SELECT ot_subject.sub_name,a.sub_id
					FROM ot_arrangement a 
					RIGHT JOIN ot_subject
					ON ot_subject.sub_id=a.sub_id 
					WHERE a.tea_id=1 AND sub_sign=0 AND arr_sign=0
					ORDER BY a.arr_id ASC [ RunTime:0.0018s ]
SQL: SELECT sin_numb,sin_id,sin_ques,sin_opta,sin_optb,sin_optc,sin_optd,sin_answ,s.sub_id,sub_name,s.tea_id,tea_name,sin_time 
				FROM ot_single s 
				LEFT JOIN ot_subject 
				ON s.sub_id=ot_subject.sub_id 
				LEFT JOIN ot_teacher 
				ON s.tea_id=ot_teacher.tea_id 
				WHERE sin_sign=0 AND sub_name LIKE "%"
				ORDER BY sin_id [ RunTime:0.0181s ]
INFO: [ view_parse ] --START--
INFO: [ template_filter ] --START--
INFO: Run Behavior\ContentReplaceBehavior [ RunTime:0.000121s ]
INFO: [ template_filter ] --END-- [ RunTime:0.000198s ]
NOTIC: [8] Use of undefined constant Auser - assumed 'Auser' D:\Project\OnlineText\Application\Runtime\Cache\Home\2fc67759dd8e5fd08302c7c753a8e19c.php 第 40 行.
NOTIC: [8] Use of undefined constant Atext - assumed 'Atext' D:\Project\OnlineText\Application\Runtime\Cache\Home\2fc67759dd8e5fd08302c7c753a8e19c.php 第 41 行.
NOTIC: [8] Use of undefined constant Apaper - assumed 'Apaper' D:\Project\OnlineText\Application\Runtime\Cache\Home\2fc67759dd8e5fd08302c7c753a8e19c.php 第 42 行.
NOTIC: [8] Use of undefined constant Adata - assumed 'Adata' D:\Project\OnlineText\Application\Runtime\Cache\Home\2fc67759dd8e5fd08302c7c753a8e19c.php 第 43 行.
NOTIC: [8] Use of undefined constant Agrade - assumed 'Agrade' D:\Project\OnlineText\Application\Runtime\Cache\Home\2fc67759dd8e5fd08302c7c753a8e19c.php 第 44 行.
INFO: Run Behavior\ParseTemplateBehavior [ RunTime:0.031194s ]
INFO: [ view_parse ] --END-- [ RunTime:0.031282s ]
INFO: [ view_filter ] --START--
INFO: Run Behavior\WriteHtmlCacheBehavior [ RunTime:0.000444s ]
INFO: [ view_filter ] --END-- [ RunTime:0.000534s ]
INFO: [ app_end ] --START--
INFO: Run Behavior\ShowPageTraceBehavior [ RunTime:0.000850s ]
INFO: [ app_end ] --END-- [ RunTime:0.000965s ]

[ 2016-07-25T10:41:43+08:00 ] 127.0.0.1 /Auser/user.html
INFO: [ app_init ] --START--
INFO: Run Behavior\BuildLiteBehavior [ RunTime:0.000034s ]
INFO: [ app_init ] --END-- [ RunTime:0.000927s ]
INFO: [ app_begin ] --START--
INFO: Run Behavior\ReadHtmlCacheBehavior [ RunTime:0.001135s ]
INFO: [ app_begin ] --END-- [ RunTime:0.001274s ]
NOTIC: [8] Undefined index: User D:\Project\OnlineText\Application\Home\Controller\AuserController.class.php 第 9 行.
SQL: SELECT ot_subject.sub_name,a.sub_id
					FROM ot_arrangement a 
					RIGHT JOIN ot_subject
					ON ot_subject.sub_id=a.sub_id 
					WHERE a.tea_id=1 AND sub_sign=0 AND arr_sign=0
					ORDER BY a.arr_id ASC [ RunTime:0.0025s ]
SQL: SHOW COLUMNS FROM `ot_student` [ RunTime:0.0174s ]
SQL: SELECT COUNT(*) AS tp_count FROM `ot_student` WHERE ( stu_sign=0 ) LIMIT 1   [ RunTime:0.0021s ]
SQL: SELECT CONCAT(s.stu_year,ot_faculty.fac_numb,ot_major.maj_numb,ot_classs.cla_numb,s.stu_numb) AS stu_numb,
		stu_name, stu_time, stu_id, cla_name, maj_name, fac_name 
		FROM ot_student s
		LEFT JOIN ot_classs 
		ON s.cla_id=ot_classs.cla_id 
		LEFT JOIN ot_major 
		ON ot_classs.maj_id=ot_major.maj_id 
		LEFT JOIN ot_faculty 
		ON ot_major.fac_id=ot_faculty.fac_id 
		WHERE stu_sign=0 AND stu_name LIKE '%%'
		ORDER BY stu_id ASC [ RunTime:0.0017s ]
INFO: [ view_parse ] --START--
INFO: [ template_filter ] --START--
INFO: Run Behavior\ContentReplaceBehavior [ RunTime:0.000203s ]
INFO: [ template_filter ] --END-- [ RunTime:0.000322s ]
NOTIC: [8] Use of undefined constant Auser - assumed 'Auser' D:\Project\OnlineText\Application\Runtime\Cache\Home\ce8c5f754719d86eb2115e2b9497a994.php 第 40 行.
NOTIC: [8] Use of undefined constant Atext - assumed 'Atext' D:\Project\OnlineText\Application\Runtime\Cache\Home\ce8c5f754719d86eb2115e2b9497a994.php 第 41 行.
NOTIC: [8] Use of undefined constant Apaper - assumed 'Apaper' D:\Project\OnlineText\Application\Runtime\Cache\Home\ce8c5f754719d86eb2115e2b9497a994.php 第 42 行.
NOTIC: [8] Use of undefined constant Adata - assumed 'Adata' D:\Project\OnlineText\Application\Runtime\Cache\Home\ce8c5f754719d86eb2115e2b9497a994.php 第 43 行.
NOTIC: [8] Use of undefined constant Agrade - assumed 'Agrade' D:\Project\OnlineText\Application\Runtime\Cache\Home\ce8c5f754719d86eb2115e2b9497a994.php 第 44 行.
NOTIC: [8] Undefined variable: show D:\Project\OnlineText\Application\Runtime\Cache\Home\ce8c5f754719d86eb2115e2b9497a994.php 第 137 行.
INFO: Run Behavior\ParseTemplateBehavior [ RunTime:0.016617s ]
INFO: [ view_parse ] --END-- [ RunTime:0.016696s ]
INFO: [ view_filter ] --START--
INFO: Run Behavior\WriteHtmlCacheBehavior [ RunTime:0.000472s ]
INFO: [ view_filter ] --END-- [ RunTime:0.000541s ]
INFO: [ app_end ] --START--
INFO: Run Behavior\ShowPageTraceBehavior [ RunTime:0.000831s ]
INFO: [ app_end ] --END-- [ RunTime:0.000956s ]

[ 2016-07-25T10:41:44+08:00 ] 127.0.0.1 /Auser/user.html
INFO: [ app_init ] --START--
INFO: Run Behavior\BuildLiteBehavior [ RunTime:0.000031s ]
INFO: [ app_init ] --END-- [ RunTime:0.000797s ]
INFO: [ app_begin ] --START--
INFO: Run Behavior\ReadHtmlCacheBehavior [ RunTime:0.001203s ]
INFO: [ app_begin ] --END-- [ RunTime:0.001579s ]
NOTIC: [8] Undefined index: User D:\Project\OnlineText\Application\Home\Controller\AuserController.class.php 第 9 行.
SQL: SELECT ot_subject.sub_name,a.sub_id
					FROM ot_arrangement a 
					RIGHT JOIN ot_subject
					ON ot_subject.sub_id=a.sub_id 
					WHERE a.tea_id=1 AND sub_sign=0 AND arr_sign=0
					ORDER BY a.arr_id ASC [ RunTime:0.0018s ]
SQL: SHOW COLUMNS FROM `ot_student` [ RunTime:0.0181s ]
SQL: SELECT COUNT(*) AS tp_count FROM `ot_student` WHERE ( stu_sign=0 ) LIMIT 1   [ RunTime:0.0027s ]
SQL: SELECT CONCAT(s.stu_year,ot_faculty.fac_numb,ot_major.maj_numb,ot_classs.cla_numb,s.stu_numb) AS stu_numb,
		stu_name, stu_time, stu_id, cla_name, maj_name, fac_name 
		FROM ot_student s
		LEFT JOIN ot_classs 
		ON s.cla_id=ot_classs.cla_id 
		LEFT JOIN ot_major 
		ON ot_classs.maj_id=ot_major.maj_id 
		LEFT JOIN ot_faculty 
		ON ot_major.fac_id=ot_faculty.fac_id 
		WHERE stu_sign=0 AND stu_name LIKE '%%'
		ORDER BY stu_id ASC [ RunTime:0.0014s ]
INFO: [ view_parse ] --START--
INFO: [ template_filter ] --START--
INFO: Run Behavior\ContentReplaceBehavior [ RunTime:0.000141s ]
INFO: [ template_filter ] --END-- [ RunTime:0.000231s ]
NOTIC: [8] Use of undefined constant Auser - assumed 'Auser' D:\Project\OnlineText\Application\Runtime\Cache\Home\ce8c5f754719d86eb2115e2b9497a994.php 第 40 行.
NOTIC: [8] Use of undefined constant Atext - assumed 'Atext' D:\Project\OnlineText\Application\Runtime\Cache\Home\ce8c5f754719d86eb2115e2b9497a994.php 第 41 行.
NOTIC: [8] Use of undefined constant Apaper - assumed 'Apaper' D:\Project\OnlineText\Application\Runtime\Cache\Home\ce8c5f754719d86eb2115e2b9497a994.php 第 42 行.
NOTIC: [8] Use of undefined constant Adata - assumed 'Adata' D:\Project\OnlineText\Application\Runtime\Cache\Home\ce8c5f754719d86eb2115e2b9497a994.php 第 43 行.
NOTIC: [8] Use of undefined constant Agrade - assumed 'Agrade' D:\Project\OnlineText\Application\Runtime\Cache\Home\ce8c5f754719d86eb2115e2b9497a994.php 第 44 行.
NOTIC: [8] Undefined variable: show D:\Project\OnlineText\Application\Runtime\Cache\Home\ce8c5f754719d86eb2115e2b9497a994.php 第 137 行.
INFO: Run Behavior\ParseTemplateBehavior [ RunTime:0.018174s ]
INFO: [ view_parse ] --END-- [ RunTime:0.018254s ]
INFO: [ view_filter ] --START--
INFO: Run Behavior\WriteHtmlCacheBehavior [ RunTime:0.000543s ]
INFO: [ view_filter ] --END-- [ RunTime:0.000620s ]
INFO: [ app_end ] --START--
INFO: Run Behavior\ShowPageTraceBehavior [ RunTime:0.000861s ]
INFO: [ app_end ] --END-- [ RunTime:0.001011s ]

